########### array before sorts ###########
0	6.000000	80.000000	6.000000	2.000000	n
1	72.000000	80.000000	72.000000	2.000000	n
2	6.000000	80.000000	72.000000	80.000000	n
3	6.000000	2.000000	72.000000	2.000000	n
Tolerance=0.050000.
*Exact match for i=0 and j=3.
*i point 6.000000	80.000000	6.000000	2.000000	y
*Exact match for i=1 and j=3.
*i point 6.000000	2.000000	72.000000	2.000000	y
	*Before flip 	72.000000	80.000000	72.000000	2.000000	y
	*After flip 	72.000000	2.000000	72.000000	80.000000	y
*Exact match for i=2 and j=3.
*i point 72.000000	2.000000	72.000000	80.000000	y
	*Before flip 	6.000000	80.000000	72.000000	80.000000	y
	*After flip 	72.000000	80.000000	6.000000	80.000000	y
########### array after sorts ###########
0	6.000000	80.000000	6.000000	2.000000	y
1	6.000000	2.000000	72.000000	2.000000	y
2	72.000000	2.000000	72.000000	80.000000	y
3	72.000000	80.000000	6.000000	80.000000	y
***************
.BOARD_OUTLINE UNOWNED
1.6
0     6.000000     80.000000     0
0     6.000000     2.000000     0
0     72.000000     2.000000     0
0     72.000000     80.000000     0
0     6.000000     80.000000     0
